#
# There is insufficient memory for the Java Runtime Environment to continue.
# Native memory allocation (mmap) failed to map 65536 bytes. Error detail: Failed to commit metaspace.
# Possible reasons:
#   The system is out of physical RAM or swap space
#   This process is running with CompressedOops enabled, and the Java Heap may be blocking the growth of the native heap
# Possible solutions:
#   Reduce memory load on the system
#   Increase physical memory or swap space
#   Check if swap backing store is full
#   Decrease Java heap size (-Xmx/-Xms)
#   Decrease number of Java threads
#   Decrease Java thread stack sizes (-Xss)
#   Set larger code cache with -XX:ReservedCodeCacheSize=
#   JVM is running with Zero Based Compressed Oops mode in which the Java heap is
#     placed in the first 32GB address space. The Java Heap base address is the
#     maximum limit for the native heap growth. Please use -XX:HeapBaseMinAddress
#     to set the Java Heap base and to place the Java Heap above 32GB virtual address.
# This output file may be truncated or incomplete.
#
#  Out of Memory Error (virtualSpaceNode.cpp:110), pid=3900, tid=6296
#
# JRE version: OpenJDK Runtime Environment JBR-17.0.11+1-1207.24-jcef (17.0.11+1) (build 17.0.11+1-b1207.24)
# Java VM: OpenJDK 64-Bit Server VM JBR-17.0.11+1-1207.24-jcef (17.0.11+1-b1207.24, mixed mode, tiered, compressed oops, compressed class ptrs, g1 gc, windows-amd64)
# No core dump will be written. Minidumps are not enabled by default on client versions of Windows
#

---------------  S U M M A R Y ------------

Command Line: git4idea.http.GitAskPassApp Password for 'https://aylime31@github.com': 

Host: Intel(R) Core(TM) i5-8250U CPU @ 1.60GHz, 8 cores, 11G,  Windows 10 , 64 bit Build 19041 (10.0.19041.4597)
Time: Thu Aug  8 14:38:11 2024 GTB Daylight Time elapsed time: 0.172650 seconds (0d 0h 0m 0s)

---------------  T H R E A D  ---------------

Current thread (0x0000027f43e84ed0):  JavaThread "main" [_thread_in_vm, id=6296, stack(0x000000bffa300000,0x000000bffa400000)]

Stack: [0x000000bffa300000,0x000000bffa400000]
Native frames: (J=compiled Java code, j=interpreted, Vv=VM code, C=native code)
V  [jvm.dll+0x6877f9]
V  [jvm.dll+0x8411aa]
V  [jvm.dll+0x842e2e]
V  [jvm.dll+0x843493]
V  [jvm.dll+0x249fdf]
V  [jvm.dll+0x83c03b]
V  [jvm.dll+0x62bc86]
V  [jvm.dll+0x62bcea]
V  [jvm.dll+0x62e51a]
V  [jvm.dll+0x62c626]
V  [jvm.dll+0x6364f7]
V  [jvm.dll+0x1ece6b]
V  [jvm.dll+0x1ed3a5]
V  [jvm.dll+0x1edd45]
V  [jvm.dll+0x1e31fc]
V  [jvm.dll+0x54c22c]
V  [jvm.dll+0x1f3d7b]
V  [jvm.dll+0x7b975b]
V  [jvm.dll+0x7babc9]
V  [jvm.dll+0x7bb443]
V  [jvm.dll+0x1ee1b4]
V  [jvm.dll+0x1e3215]
V  [jvm.dll+0x54c22c]
V  [jvm.dll+0x1f3d7b]
V  [jvm.dll+0x7b975b]
V  [jvm.dll+0x7babc9]
V  [jvm.dll+0x7baf18]
V  [jvm.dll+0x241a0e]
V  [jvm.dll+0x385eae]
C  0x0000027f4eb5b8ce

The last pc belongs to new (printed below).
Java frames: (J=compiled Java code, j=interpreted, Vv=VM code)
j  java.util.stream.StreamSupport.stream(Ljava/util/Spliterator;Z)Ljava/util/stream/Stream;+5 java.base@17.0.11
j  java.util.Collection.stream()Ljava/util/stream/Stream;+7 java.base@17.0.11
j  java.lang.ModuleLayer.layers(Ljava/lang/ClassLoader;)Ljava/util/stream/Stream;+16 java.base@17.0.11
j  java.lang.System$2.layers(Ljava/lang/ClassLoader;)Ljava/util/stream/Stream;+1 java.base@17.0.11
j  java.util.ServiceLoader$ModuleServicesLookupIterator.iteratorFor(Ljava/lang/ClassLoader;)Ljava/util/Iterator;+75 java.base@17.0.11
j  java.util.ServiceLoader$ModuleServicesLookupIterator.<init>(Ljava/util/ServiceLoader;)V+23 java.base@17.0.11
j  java.util.ServiceLoader.newLookupIterator()Ljava/util/Iterator;+49 java.base@17.0.11
j  java.util.ServiceLoader.iterator()Ljava/util/Iterator;+9 java.base@17.0.11
j  sun.security.jca.ProviderConfig$ProviderLoader.load(Ljava/lang/String;)Ljava/security/Provider;+40 java.base@17.0.11
j  sun.security.jca.ProviderConfig$3.run()Ljava/security/Provider;+44 java.base@17.0.11
j  sun.security.jca.ProviderConfig$3.run()Ljava/lang/Object;+1 java.base@17.0.11
j  java.security.AccessController.executePrivileged(Ljava/security/PrivilegedAction;Ljava/security/AccessControlContext;Ljava/lang/Class;)Ljava/lang/Object;+29 java.base@17.0.11
j  java.security.AccessController.doPrivileged(Ljava/security/PrivilegedAction;)Ljava/lang/Object;+5 java.base@17.0.11
j  sun.security.jca.ProviderConfig.doLoadProvider()Ljava/security/Provider;+8 java.base@17.0.11
j  sun.security.jca.ProviderConfig.getProvider()Ljava/security/Provider;+281 java.base@17.0.11
j  sun.security.jca.ProviderList.getProvider(I)Ljava/security/Provider;+6 java.base@17.0.11
j  sun.security.jca.ProviderList.getService(Ljava/lang/String;Ljava/lang/String;)Ljava/security/Provider$Service;+90 java.base@17.0.11
j  sun.security.jca.GetInstance.getInstance(Ljava/lang/String;Ljava/lang/Class;Ljava/lang/String;)Lsun/security/jca/GetInstance$Instance;+7 java.base@17.0.11
j  javax.net.ssl.SSLContext.getInstance(Ljava/lang/String;)Ljavax/net/ssl/SSLContext;+12 java.base@17.0.11
j  externalApp.ExternalAppUtil.sendIdeRequest(Ljava/lang/String;ILjava/lang/String;Ljava/lang/String;)LexternalApp/ExternalAppUtil$Result;+34
j  git4idea.http.GitAskPassApp.main([Ljava/lang/String;)V+37
v  ~StubRoutines::call_stub
new  187 new  [0x0000027f4eb5b740, 0x0000027f4eb5b960]  544 bytes
[MachCode]
  0x0000027f4eb5b740: 4883 ec08 | c5fa 1104 | 24eb 1f48 | 83ec 10c5 | fb11 0424 | eb14 4883 | ec10 4889 | 0424 48c7 
  0x0000027f4eb5b760: 4424 0800 | 0000 00eb | 0150 410f | b755 010f | cac1 ea10 | 488b 4de8 | 488b 4908 | 488b 4908 
  0x0000027f4eb5b780: 488b 4108 | 807c 1004 | 070f 85df | 0000 0066 | 8b54 d148 | 488b 4928 | 488b 4cd1 | 0851 80b9 
  0x0000027f4eb5b7a0: 5b01 0000 | 040f 85c2 | 0000 008b | 5108 f7c2 | 0100 0000 | 0f85 b300 | 0000 498b | 8708 0100 
  0x0000027f4eb5b7c0: 0048 8d1c | 1049 3b9f | 1801 0000 | 0f87 9b00 | 0000 4989 | 9f08 0100 | 00e9 0000 | 0000 4883 
  0x0000027f4eb5b7e0: ea10 0f84 | 0f00 0000 | 33c9 c1ea | 0348 894c | d008 48ff | ca75 f648 | c700 0100 | 0000 5933 
  0x0000027f4eb5b800: f689 700c | 49ba 0000 | 0000 0800 | 0000 492b | ca89 4808 | 49ba 693a | 7d9d fc7f | 0000 4180 
  0x0000027f4eb5b820: 3a00 0f84 | 4000 0000 | 5048 8bc8 | 4883 ec20 | f7c4 0f00 | 0000 0f84 | 1a00 0000 | 4883 ec08 
  0x0000027f4eb5b840: 49ba 10e2 | 329d fc7f | 0000 41ff | d248 83c4 | 08e9 0d00 | 0000 49ba | 10e2 329d | fc7f 0000 
  0x0000027f4eb5b860: 41ff d248 | 83c4 2058 | e9cd 0000 | 0059 488b | 55e8 488b | 5208 488b | 5208 450f | b745 0141 
  0x0000027f4eb5b880: 0fc8 41c1 | e810 e805 | 0000 00e9 | aa00 0000 | 488d 4424 | 084c 896d | c049 8bcf | c5f8 7749 
  0x0000027f4eb5b8a0: 89af a802 | 0000 4989 | 8798 0200 | 0048 83ec | 20f7 c40f | 0000 000f | 841a 0000 | 0048 83ec 
  0x0000027f4eb5b8c0: 0849 ba60 | 5efc 9cfc | 7f00 0041 | ffd2 4883 | c408 e90d | 0000 0049 | ba60 5efc | 9cfc 7f00 
  0x0000027f4eb5b8e0: 0041 ffd2 | 4883 c420 | 49c7 8798 | 0200 0000 | 0000 0049 | c787 a802 | 0000 0000 | 0000 49c7 
  0x0000027f4eb5b900: 87a0 0200 | 0000 0000 | 00c5 f877 | 4981 7f08 | 0000 0000 | 0f84 0500 | 0000 e9e1 | 55fe ff49 
  0x0000027f4eb5b920: 8b87 f002 | 0000 49c7 | 87f0 0200 | 0000 0000 | 004c 8b6d | c04c 8b75 | c8c3 410f | b65d 0349 
  0x0000027f4eb5b940: 83c5 0349 | ba40 a77f | 9dfc 7f00 | 0041 ff24 | da0f 1f80 | 0000 0000 | 0000 0000 | 0000 0000 
[/MachCode]

---------------  P R O C E S S  ---------------

Threads class SMR info:
_java_thread_list=0x0000027f60830fb0, length=12, elements={
0x0000027f43e84ed0, 0x0000027f6069a250, 0x0000027f6069eff0, 0x0000027f606cf8f0,
0x0000027f606d03c0, 0x0000027f606c5420, 0x0000027f606c5cf0, 0x0000027f606c68f0,
0x0000027f606c7200, 0x0000027f606d6810, 0x0000027f6084bfd0, 0x0000027f608684e0
}

Java Threads: ( => current thread )
=>0x0000027f43e84ed0 JavaThread "main" [_thread_in_vm, id=6296, stack(0x000000bffa300000,0x000000bffa400000)]
  0x0000027f6069a250 JavaThread "Reference Handler" daemon [_thread_blocked, id=1752, stack(0x000000bffab00000,0x000000bffac00000)]
  0x0000027f6069eff0 JavaThread "Finalizer" daemon [_thread_blocked, id=5708, stack(0x000000bffac00000,0x000000bffad00000)]
  0x0000027f606cf8f0 JavaThread "Signal Dispatcher" daemon [_thread_blocked, id=5248, stack(0x000000bffae00000,0x000000bffaf00000)]
  0x0000027f606d03c0 JavaThread "Attach Listener" daemon [_thread_blocked, id=4352, stack(0x000000bffaf00000,0x000000bffb000000)]
  0x0000027f606c5420 JavaThread "Service Thread" daemon [_thread_blocked, id=11932, stack(0x000000bffb000000,0x000000bffb100000)]
  0x0000027f606c5cf0 JavaThread "Monitor Deflation Thread" daemon [_thread_blocked, id=3360, stack(0x000000bffb100000,0x000000bffb200000)]
  0x0000027f606c68f0 JavaThread "C2 CompilerThread0" daemon [_thread_blocked, id=11348, stack(0x000000bffb200000,0x000000bffb300000)]
  0x0000027f606c7200 JavaThread "C1 CompilerThread0" daemon [_thread_blocked, id=7520, stack(0x000000bffb300000,0x000000bffb400000)]
  0x0000027f606d6810 JavaThread "Sweeper thread" daemon [_thread_blocked, id=11084, stack(0x000000bffb400000,0x000000bffb500000)]
  0x0000027f6084bfd0 JavaThread "Notification Thread" daemon [_thread_blocked, id=8496, stack(0x000000bffb500000,0x000000bffb600000)]
  0x0000027f608684e0 JavaThread "Common-Cleaner" daemon [_thread_blocked, id=12920, stack(0x000000bffb700000,0x000000bffb800000)]

Other Threads:
  0x0000027f6051f3e0 VMThread "VM Thread" [stack: 0x000000bffaa00000,0x000000bffab00000] [id=8932]
  0x0000027f604c6a40 WatcherThread [stack: 0x000000bffb600000,0x000000bffb700000] [id=8596]
  0x0000027f43edc330 GCTaskThread "GC Thread#0" [stack: 0x000000bffa500000,0x000000bffa600000] [id=3712]
  0x0000027f43ee9020 ConcurrentGCThread "G1 Main Marker" [stack: 0x000000bffa600000,0x000000bffa700000] [id=6936]
  0x0000027f43eea0f0 ConcurrentGCThread "G1 Conc#0" [stack: 0x000000bffa700000,0x000000bffa800000] [id=10624]
  0x0000027f603920c0 ConcurrentGCThread "G1 Refine#0" [stack: 0x000000bffa800000,0x000000bffa900000] [id=6084]
  0x0000027f60392a00 ConcurrentGCThread "G1 Service" [stack: 0x000000bffa900000,0x000000bffaa00000] [id=8680]

Threads with active compile tasks:

VM state: not at safepoint (normal execution)

VM Mutex/Monitor currently owned by a thread:  ([mutex/lock_event])
[0x0000027f43e7e440] Metaspace_lock - owner thread: 0x0000027f43e84ed0

Heap address: 0x0000000741600000, size: 3050 MB, Compressed Oops mode: Zero based, Oop shift amount: 3

CDS archive(s) not mapped
Compressed class space mapped at: 0x0000000800000000-0x0000000840000000, reserved size: 1073741824
Narrow klass base: 0x0000000800000000, Narrow klass shift: 0, Narrow klass range: 0x40000000

GC Precious Log:
 CPUs: 8 total, 8 available
 Memory: 12197M
 Large Page Support: Disabled
 NUMA Support: Disabled
 Compressed Oops: Enabled (Zero based)
 Heap Region Size: 2M
 Heap Min Capacity: 8M
 Heap Initial Capacity: 192M
 Heap Max Capacity: 3050M
 Pre-touch: Disabled
 Parallel Workers: 8
 Concurrent Workers: 2
 Concurrent Refinement Workers: 8
 Periodic GC: Disabled

Heap:
 garbage-first heap   total 196608K, used 0K [0x0000000741600000, 0x0000000800000000)
  region size 2048K, 1 young (2048K), 0 survivors (0K)
 Metaspace       used 5564K, committed 5632K, reserved 1114112K
  class space    used 496K, committed 512K, reserved 1048576K

Heap Regions: E=young(eden), S=young(survivor), O=old, HS=humongous(starts), HC=humongous(continues), CS=collection set, F=free, OA=open archive, CA=closed archive, TAMS=top-at-mark-start (previous, next)
|   0|0x0000000741600000, 0x0000000741600000, 0x0000000741800000|  0%| F|  |TAMS 0x0000000741600000, 0x0000000741600000| Untracked 
|   1|0x0000000741800000, 0x0000000741800000, 0x0000000741a00000|  0%| F|  |TAMS 0x0000000741800000, 0x0000000741800000| Untracked 
|   2|0x0000000741a00000, 0x0000000741a00000, 0x0000000741c00000|  0%| F|  |TAMS 0x0000000741a00000, 0x0000000741a00000| Untracked 
|   3|0x0000000741c00000, 0x0000000741c00000, 0x0000000741e00000|  0%| F|  |TAMS 0x0000000741c00000, 0x0000000741c00000| Untracked 
|   4|0x0000000741e00000, 0x0000000741e00000, 0x0000000742000000|  0%| F|  |TAMS 0x0000000741e00000, 0x0000000741e00000| Untracked 
|   5|0x0000000742000000, 0x0000000742000000, 0x0000000742200000|  0%| F|  |TAMS 0x0000000742000000, 0x0000000742000000| Untracked 
|   6|0x0000000742200000, 0x0000000742200000, 0x0000000742400000|  0%| F|  |TAMS 0x0000000742200000, 0x0000000742200000| Untracked 
|   7|0x0000000742400000, 0x0000000742400000, 0x0000000742600000|  0%| F|  |TAMS 0x0000000742400000, 0x0000000742400000| Untracked 
|   8|0x0000000742600000, 0x0000000742600000, 0x0000000742800000|  0%| F|  |TAMS 0x0000000742600000, 0x0000000742600000| Untracked 
|   9|0x0000000742800000, 0x0000000742800000, 0x0000000742a00000|  0%| F|  |TAMS 0x0000000742800000, 0x0000000742800000| Untracked 
|  10|0x0000000742a00000, 0x0000000742a00000, 0x0000000742c00000|  0%| F|  |TAMS 0x0000000742a00000, 0x0000000742a00000| Untracked 
|  11|0x0000000742c00000, 0x0000000742c00000, 0x0000000742e00000|  0%| F|  |TAMS 0x0000000742c00000, 0x0000000742c00000| Untracked 
|  12|0x0000000742e00000, 0x0000000742e00000, 0x0000000743000000|  0%| F|  |TAMS 0x0000000742e00000, 0x0000000742e00000| Untracked 
|  13|0x0000000743000000, 0x0000000743000000, 0x0000000743200000|  0%| F|  |TAMS 0x0000000743000000, 0x0000000743000000| Untracked 
|  14|0x0000000743200000, 0x0000000743200000, 0x0000000743400000|  0%| F|  |TAMS 0x0000000743200000, 0x0000000743200000| Untracked 
|  15|0x0000000743400000, 0x0000000743400000, 0x0000000743600000|  0%| F|  |TAMS 0x0000000743400000, 0x0000000743400000| Untracked 
|  16|0x0000000743600000, 0x0000000743600000, 0x0000000743800000|  0%| F|  |TAMS 0x0000000743600000, 0x0000000743600000| Untracked 
|  17|0x0000000743800000, 0x0000000743800000, 0x0000000743a00000|  0%| F|  |TAMS 0x0000000743800000, 0x0000000743800000| Untracked 
|  18|0x0000000743a00000, 0x0000000743a00000, 0x0000000743c00000|  0%| F|  |TAMS 0x0000000743a00000, 0x0000000743a00000| Untracked 
|  19|0x0000000743c00000, 0x0000000743c00000, 0x0000000743e00000|  0%| F|  |TAMS 0x0000000743c00000, 0x0000000743c00000| Untracked 
|  20|0x0000000743e00000, 0x0000000743e00000, 0x0000000744000000|  0%| F|  |TAMS 0x0000000743e00000, 0x0000000743e00000| Untracked 
|  21|0x0000000744000000, 0x0000000744000000, 0x0000000744200000|  0%| F|  |TAMS 0x0000000744000000, 0x0000000744000000| Untracked 
|  22|0x0000000744200000, 0x0000000744200000, 0x0000000744400000|  0%| F|  |TAMS 0x0000000744200000, 0x0000000744200000| Untracked 
|  23|0x0000000744400000, 0x0000000744400000, 0x0000000744600000|  0%| F|  |TAMS 0x0000000744400000, 0x0000000744400000| Untracked 
|  24|0x0000000744600000, 0x0000000744600000, 0x0000000744800000|  0%| F|  |TAMS 0x0000000744600000, 0x0000000744600000| Untracked 
|  25|0x0000000744800000, 0x0000000744800000, 0x0000000744a00000|  0%| F|  |TAMS 0x0000000744800000, 0x0000000744800000| Untracked 
|  26|0x0000000744a00000, 0x0000000744a00000, 0x0000000744c00000|  0%| F|  |TAMS 0x0000000744a00000, 0x0000000744a00000| Untracked 
|  27|0x0000000744c00000, 0x0000000744c00000, 0x0000000744e00000|  0%| F|  |TAMS 0x0000000744c00000, 0x0000000744c00000| Untracked 
|  28|0x0000000744e00000, 0x0000000744e00000, 0x0000000745000000|  0%| F|  |TAMS 0x0000000744e00000, 0x0000000744e00000| Untracked 
|  29|0x0000000745000000, 0x0000000745000000, 0x0000000745200000|  0%| F|  |TAMS 0x0000000745000000, 0x0000000745000000| Untracked 
|  30|0x0000000745200000, 0x0000000745200000, 0x0000000745400000|  0%| F|  |TAMS 0x0000000745200000, 0x0000000745200000| Untracked 
|  31|0x0000000745400000, 0x0000000745400000, 0x0000000745600000|  0%| F|  |TAMS 0x0000000745400000, 0x0000000745400000| Untracked 
|  32|0x0000000745600000, 0x0000000745600000, 0x0000000745800000|  0%| F|  |TAMS 0x0000000745600000, 0x0000000745600000| Untracked 
|  33|0x0000000745800000, 0x0000000745800000, 0x0000000745a00000|  0%| F|  |TAMS 0x0000000745800000, 0x0000000745800000| Untracked 
|  34|0x0000000745a00000, 0x0000000745a00000, 0x0000000745c00000|  0%| F|  |TAMS 0x0000000745a00000, 0x0000000745a00000| Untracked 
|  35|0x0000000745c00000, 0x0000000745c00000, 0x0000000745e00000|  0%| F|  |TAMS 0x0000000745c00000, 0x0000000745c00000| Untracked 
|  36|0x0000000745e00000, 0x0000000745e00000, 0x0000000746000000|  0%| F|  |TAMS 0x0000000745e00000, 0x0000000745e00000| Untracked 
|  37|0x0000000746000000, 0x0000000746000000, 0x0000000746200000|  0%| F|  |TAMS 0x0000000746000000, 0x0000000746000000| Untracked 
|  38|0x0000000746200000, 0x0000000746200000, 0x0000000746400000|  0%| F|  |TAMS 0x0000000746200000, 0x0000000746200000| Untracked 
|  39|0x0000000746400000, 0x0000000746400000, 0x0000000746600000|  0%| F|  |TAMS 0x0000000746400000, 0x0000000746400000| Untracked 
|  40|0x0000000746600000, 0x0000000746600000, 0x0000000746800000|  0%| F|  |TAMS 0x0000000746600000, 0x0000000746600000| Untracked 
|  41|0x0000000746800000, 0x0000000746800000, 0x0000000746a00000|  0%| F|  |TAMS 0x0000000746800000, 0x0000000746800000| Untracked 
|  42|0x0000000746a00000, 0x0000000746a00000, 0x0000000746c00000|  0%| F|  |TAMS 0x0000000746a00000, 0x0000000746a00000| Untracked 
|  43|0x0000000746c00000, 0x0000000746c00000, 0x0000000746e00000|  0%| F|  |TAMS 0x0000000746c00000, 0x0000000746c00000| Untracked 
|  44|0x0000000746e00000, 0x0000000746e00000, 0x0000000747000000|  0%| F|  |TAMS 0x0000000746e00000, 0x0000000746e00000| Untracked 
|  45|0x0000000747000000, 0x0000000747000000, 0x0000000747200000|  0%| F|  |TAMS 0x0000000747000000, 0x0000000747000000| Untracked 
|  46|0x0000000747200000, 0x0000000747200000, 0x0000000747400000|  0%| F|  |TAMS 0x0000000747200000, 0x0000000747200000| Untracked 
|  47|0x0000000747400000, 0x0000000747400000, 0x0000000747600000|  0%| F|  |TAMS 0x0000000747400000, 0x0000000747400000| Untracked 
|  48|0x0000000747600000, 0x0000000747600000, 0x0000000747800000|  0%| F|  |TAMS 0x0000000747600000, 0x0000000747600000| Untracked 
|  49|0x0000000747800000, 0x0000000747800000, 0x0000000747a00000|  0%| F|  |TAMS 0x0000000747800000, 0x0000000747800000| Untracked 
|  50|0x0000000747a00000, 0x0000000747a00000, 0x0000000747c00000|  0%| F|  |TAMS 0x0000000747a00000, 0x0000000747a00000| Untracked 
|  51|0x0000000747c00000, 0x0000000747c00000, 0x0000000747e00000|  0%| F|  |TAMS 0x0000000747c00000, 0x0000000747c00000| Untracked 
|  52|0x0000000747e00000, 0x0000000747e00000, 0x0000000748000000|  0%| F|  |TAMS 0x0000000747e00000, 0x0000000747e00000| Untracked 
|  53|0x0000000748000000, 0x0000000748000000, 0x0000000748200000|  0%| F|  |TAMS 0x0000000748000000, 0x0000000748000000| Untracked 
|  54|0x0000000748200000, 0x0000000748200000, 0x0000000748400000|  0%| F|  |TAMS 0x0000000748200000, 0x0000000748200000| Untracked 
|  55|0x0000000748400000, 0x0000000748400000, 0x0000000748600000|  0%| F|  |TAMS 0x0000000748400000, 0x0000000748400000| Untracked 
|  56|0x0000000748600000, 0x0000000748600000, 0x0000000748800000|  0%| F|  |TAMS 0x0000000748600000, 0x0000000748600000| Untracked 
|  57|0x0000000748800000, 0x0000000748800000, 0x0000000748a00000|  0%| F|  |TAMS 0x0000000748800000, 0x0000000748800000| Untracked 
|  58|0x0000000748a00000, 0x0000000748a00000, 0x0000000748c00000|  0%| F|  |TAMS 0x0000000748a00000, 0x0000000748a00000| Untracked 
|  59|0x0000000748c00000, 0x0000000748c00000, 0x0000000748e00000|  0%| F|  |TAMS 0x0000000748c00000, 0x0000000748c00000| Untracked 
|  60|0x0000000748e00000, 0x0000000748e00000, 0x0000000749000000|  0%| F|  |TAMS 0x0000000748e00000, 0x0000000748e00000| Untracked 
|  61|0x0000000749000000, 0x0000000749000000, 0x0000000749200000|  0%| F|  |TAMS 0x0000000749000000, 0x0000000749000000| Untracked 
|  62|0x0000000749200000, 0x0000000749200000, 0x0000000749400000|  0%| F|  |TAMS 0x0000000749200000, 0x0000000749200000| Untracked 
|  63|0x0000000749400000, 0x0000000749400000, 0x0000000749600000|  0%| F|  |TAMS 0x0000000749400000, 0x0000000749400000| Untracked 
|  64|0x0000000749600000, 0x0000000749600000, 0x0000000749800000|  0%| F|  |TAMS 0x0000000749600000, 0x0000000749600000| Untracked 
|  65|0x0000000749800000, 0x0000000749800000, 0x0000000749a00000|  0%| F|  |TAMS 0x0000000749800000, 0x0000000749800000| Untracked 
|  66|0x0000000749a00000, 0x0000000749a00000, 0x0000000749c00000|  0%| F|  |TAMS 0x0000000749a00000, 0x0000000749a00000| Untracked 
|  67|0x0000000749c00000, 0x0000000749c00000, 0x0000000749e00000|  0%| F|  |TAMS 0x0000000749c00000, 0x0000000749c00000| Untracked 
|  68|0x0000000749e00000, 0x0000000749e00000, 0x000000074a000000|  0%| F|  |TAMS 0x0000000749e00000, 0x0000000749e00000| Untracked 
|  69|0x000000074a000000, 0x000000074a000000, 0x000000074a200000|  0%| F|  |TAMS 0x000000074a000000, 0x000000074a000000| Untracked 
|  70|0x000000074a200000, 0x000000074a200000, 0x000000074a400000|  0%| F|  |TAMS 0x000000074a200000, 0x000000074a200000| Untracked 
|  71|0x000000074a400000, 0x000000074a400000, 0x000000074a600000|  0%| F|  |TAMS 0x000000074a400000, 0x000000074a400000| Untracked 
|  72|0x000000074a600000, 0x000000074a600000, 0x000000074a800000|  0%| F|  |TAMS 0x000000074a600000, 0x000000074a600000| Untracked 
|  73|0x000000074a800000, 0x000000074a800000, 0x000000074aa00000|  0%| F|  |TAMS 0x000000074a800000, 0x000000074a800000| Untracked 
|  74|0x000000074aa00000, 0x000000074aa00000, 0x000000074ac00000|  0%| F|  |TAMS 0x000000074aa00000, 0x000000074aa00000| Untracked 
|  75|0x000000074ac00000, 0x000000074ac00000, 0x000000074ae00000|  0%| F|  |TAMS 0x000000074ac00000, 0x000000074ac00000| Untracked 
|  76|0x000000074ae00000, 0x000000074ae00000, 0x000000074b000000|  0%| F|  |TAMS 0x000000074ae00000, 0x000000074ae00000| Untracked 
|  77|0x000000074b000000, 0x000000074b000000, 0x000000074b200000|  0%| F|  |TAMS 0x000000074b000000, 0x000000074b000000| Untracked 
|  78|0x000000074b200000, 0x000000074b200000, 0x000000074b400000|  0%| F|  |TAMS 0x000000074b200000, 0x000000074b200000| Untracked 
|  79|0x000000074b400000, 0x000000074b400000, 0x000000074b600000|  0%| F|  |TAMS 0x000000074b400000, 0x000000074b400000| Untracked 
|  80|0x000000074b600000, 0x000000074b600000, 0x000000074b800000|  0%| F|  |TAMS 0x000000074b600000, 0x000000074b600000| Untracked 
|  81|0x000000074b800000, 0x000000074b800000, 0x000000074ba00000|  0%| F|  |TAMS 0x000000074b800000, 0x000000074b800000| Untracked 
|  82|0x000000074ba00000, 0x000000074ba00000, 0x000000074bc00000|  0%| F|  |TAMS 0x000000074ba00000, 0x000000074ba00000| Untracked 
|  83|0x000000074bc00000, 0x000000074bc00000, 0x000000074be00000|  0%| F|  |TAMS 0x000000074bc00000, 0x000000074bc00000| Untracked 
|  84|0x000000074be00000, 0x000000074be00000, 0x000000074c000000|  0%| F|  |TAMS 0x000000074be00000, 0x000000074be00000| Untracked 
|  85|0x000000074c000000, 0x000000074c000000, 0x000000074c200000|  0%| F|  |TAMS 0x000000074c000000, 0x000000074c000000| Untracked 
|  86|0x000000074c200000, 0x000000074c200000, 0x000000074c400000|  0%| F|  |TAMS 0x000000074c200000, 0x000000074c200000| Untracked 
|  87|0x000000074c400000, 0x000000074c400000, 0x000000074c600000|  0%| F|  |TAMS 0x000000074c400000, 0x000000074c400000| Untracked 
|  88|0x000000074c600000, 0x000000074c600000, 0x000000074c800000|  0%| F|  |TAMS 0x000000074c600000, 0x000000074c600000| Untracked 
|  89|0x000000074c800000, 0x000000074c800000, 0x000000074ca00000|  0%| F|  |TAMS 0x000000074c800000, 0x000000074c800000| Untracked 
|  90|0x000000074ca00000, 0x000000074ca00000, 0x000000074cc00000|  0%| F|  |TAMS 0x000000074ca00000, 0x000000074ca00000| Untracked 
|  91|0x000000074cc00000, 0x000000074cc00000, 0x000000074ce00000|  0%| F|  |TAMS 0x000000074cc00000, 0x000000074cc00000| Untracked 
|  92|0x000000074ce00000, 0x000000074ce00000, 0x000000074d000000|  0%| F|  |TAMS 0x000000074ce00000, 0x000000074ce00000| Untracked 
|  93|0x000000074d000000, 0x000000074d000000, 0x000000074d200000|  0%| F|  |TAMS 0x000000074d000000, 0x000000074d000000| Untracked 
|  94|0x000000074d200000, 0x000000074d200000, 0x000000074d400000|  0%| F|  |TAMS 0x000000074d200000, 0x000000074d200000| Untracked 
|  95|0x000000074d400000, 0x000000074d600000, 0x000000074d600000|100%| E|  |TAMS 0x000000074d400000, 0x000000074d400000| Complete 

Card table byte_map: [0x0000027f56f40000,0x0000027f57540000] _byte_map_base: 0x0000027f53535000

Marking Bits (Prev, Next): (CMBitMap*) 0x0000027f43edc860, (CMBitMap*) 0x0000027f43edc8a0
 Prev Bits: [0x0000027f57b40000, 0x0000027f5aae8000)
 Next Bits: [0x0000027f5aaf0000, 0x0000027f5da98000)

Polling page: 0x0000027f42010000

Metaspace:

Usage:
  Non-class:      4.95 MB used.
      Class:    496.66 KB used.
       Both:      5.43 MB used.

Virtual space:
  Non-class space:       64.00 MB reserved,       5.00 MB (  8%) committed,  1 nodes.
      Class space:        1.00 GB reserved,     512.00 KB ( <1%) committed,  1 nodes.
             Both:        1.06 GB reserved,       5.50 MB ( <1%) committed. 

Chunk freelists:
   Non-Class:  10.99 MB
       Class:  15.51 MB
        Both:  26.50 MB

MaxMetaspaceSize: unlimited
CompressedClassSpaceSize: 1.00 GB
Initial GC threshold: 21.00 MB
Current GC threshold: 21.00 MB
CDS: off
MetaspaceReclaimPolicy: balanced
 - commit_granule_bytes: 65536.
 - commit_granule_words: 8192.
 - virtual_space_node_default_size: 8388608.
 - enlarge_chunks_in_place: 1.
 - new_chunks_are_fully_committed: 0.
 - uncommit_free_chunks: 1.
 - use_allocation_guard: 0.
 - handle_deallocations: 1.


Internal statistics:

num_allocs_failed_limit: 0.
num_arena_births: 4.
num_arena_deaths: 0.
num_vsnodes_births: 2.
num_vsnodes_deaths: 0.
num_space_committed: 88.
num_space_uncommitted: 0.
num_chunks_returned_to_freelist: 0.
num_chunks_taken_from_freelist: 12.
num_chunk_merges: 0.
num_chunk_splits: 5.
num_chunks_enlarged: 1.
num_inconsistent_stats: 0.

CodeHeap 'non-profiled nmethods': size=120000Kb used=25Kb max_used=25Kb free=119975Kb
 bounds [0x0000027f4f0e0000, 0x0000027f4f350000, 0x0000027f56610000]
CodeHeap 'profiled nmethods': size=120000Kb used=200Kb max_used=200Kb free=119799Kb
 bounds [0x0000027f47610000, 0x0000027f47880000, 0x0000027f4eb40000]
CodeHeap 'non-nmethods': size=5760Kb used=1072Kb max_used=1086Kb free=4687Kb
 bounds [0x0000027f4eb40000, 0x0000027f4edb0000, 0x0000027f4f0e0000]
 total_blobs=471 nmethods=132 adapters=252
 compilation: enabled
              stopped_count=0, restarted_count=0
 full_count=0

Compilation events (20 events):
Event: 0.154 Thread 0x0000027f606c7200  127       3       jdk.internal.util.ArraysSupport::newLength (27 bytes)
Event: 0.154 Thread 0x0000027f606c7200 nmethod 127 0x0000027f47640010 code [0x0000027f476401c0, 0x0000027f47640428]
Event: 0.154 Thread 0x0000027f606c7200  111       3       java.util.Locale::getLanguage (8 bytes)
Event: 0.154 Thread 0x0000027f606c7200 nmethod 111 0x0000027f47640510 code [0x0000027f476406a0, 0x0000027f476407d8]
Event: 0.154 Thread 0x0000027f606c7200  126       3       java.util.HashMap$HashIterator::hasNext (13 bytes)
Event: 0.155 Thread 0x0000027f606c7200 nmethod 126 0x0000027f47640890 code [0x0000027f47640a20, 0x0000027f47640b98]
Event: 0.155 Thread 0x0000027f606c7200  107       3       java.util.Objects::nonNull (10 bytes)
Event: 0.155 Thread 0x0000027f606c7200 nmethod 107 0x0000027f47640c10 code [0x0000027f47640da0, 0x0000027f47640ef8]
Event: 0.155 Thread 0x0000027f606c7200  128       3       java.util.Arrays::copyOf (19 bytes)
Event: 0.155 Thread 0x0000027f606c7200 nmethod 128 0x0000027f47640f90 code [0x0000027f47641140, 0x0000027f47641428]
Event: 0.155 Thread 0x0000027f606c7200  129       3       java.lang.AbstractStringBuilder::newCapacity (59 bytes)
Event: 0.155 Thread 0x0000027f606c7200 nmethod 129 0x0000027f47641590 code [0x0000027f47641760, 0x0000027f47641b58]
Event: 0.155 Thread 0x0000027f606c7200  124       3       java.util.HashSet::add (20 bytes)
Event: 0.155 Thread 0x0000027f606c7200 nmethod 124 0x0000027f47641d10 code [0x0000027f47641ec0, 0x0000027f47642108]
Event: 0.155 Thread 0x0000027f606c7200  130       1       java.security.Provider$Service::getType (5 bytes)
Event: 0.155 Thread 0x0000027f606c7200 nmethod 130 0x0000027f4f0e5b10 code [0x0000027f4f0e5ca0, 0x0000027f4f0e5d78]
Event: 0.155 Thread 0x0000027f606c7200  131       1       java.security.Provider$Service::getAlgorithm (5 bytes)
Event: 0.155 Thread 0x0000027f606c7200 nmethod 131 0x0000027f4f0e5e10 code [0x0000027f4f0e5fa0, 0x0000027f4f0e6078]
Event: 0.155 Thread 0x0000027f606c7200  132       1       java.security.Provider$Service::getAliases (5 bytes)
Event: 0.156 Thread 0x0000027f606c7200 nmethod 132 0x0000027f4f0e6110 code [0x0000027f4f0e62a0, 0x0000027f4f0e6378]

GC Heap History (0 events):
No events

Dll operation events (1 events):
Event: 0.011 Loaded shared library C:\Users\emilia31\AppData\Local\Programs\PyCharm Community\jbr\bin\java.dll

Deoptimization events (0 events):
No events

Classes unloaded (0 events):
No events

Classes redefined (0 events):
No events

Internal exceptions (0 events):
No events

VM Operations (4 events):
Event: 0.127 Executing VM operation: HandshakeAllThreads
Event: 0.127 Executing VM operation: HandshakeAllThreads done
Event: 0.142 Executing VM operation: HandshakeAllThreads
Event: 0.142 Executing VM operation: HandshakeAllThreads done

Events (20 events):
Event: 0.156 loading class java/util/Spliterator$OfInt done
Event: 0.156 loading class java/util/Spliterators$EmptySpliterator$OfInt done
Event: 0.156 loading class java/util/Spliterators$EmptySpliterator$OfLong
Event: 0.156 loading class java/util/Spliterator$OfLong
Event: 0.157 loading class java/util/Spliterator$OfLong done
Event: 0.157 loading class java/util/Spliterators$EmptySpliterator$OfLong done
Event: 0.157 loading class java/util/Spliterators$EmptySpliterator$OfDouble
Event: 0.157 loading class java/util/Spliterator$OfDouble
Event: 0.157 loading class java/util/Spliterator$OfDouble done
Event: 0.157 loading class java/util/Spliterators$EmptySpliterator$OfDouble done
Event: 0.157 loading class java/util/Spliterators$ArraySpliterator
Event: 0.157 loading class java/util/Spliterators$ArraySpliterator done
Event: 0.157 loading class java/util/stream/StreamSupport
Event: 0.157 loading class java/util/stream/StreamSupport done
Event: 0.157 loading class java/util/stream/ReferencePipeline$Head
Event: 0.157 loading class java/util/stream/ReferencePipeline
Event: 0.158 loading class java/util/stream/Stream
Event: 0.158 loading class java/util/stream/BaseStream
Event: 0.158 loading class java/util/stream/BaseStream done
Event: 0.158 loading class java/util/stream/Stream done


Dynamic libraries:
0x00007ff6e6a00000 - 0x00007ff6e6a0a000 	C:\Users\emilia31\AppData\Local\Programs\PyCharm Community\jbr\bin\java.exe
0x00007ffd1db90000 - 0x00007ffd1dd88000 	C:\Windows\SYSTEM32\ntdll.dll
0x00007ffd1cfc0000 - 0x00007ffd1d081000 	C:\Windows\System32\KERNEL32.DLL
0x00007ffd1b370000 - 0x00007ffd1b666000 	C:\Windows\System32\KERNELBASE.dll
0x00007ffd1b270000 - 0x00007ffd1b370000 	C:\Windows\System32\ucrtbase.dll
0x00007ffced4e0000 - 0x00007ffced4f7000 	C:\Users\emilia31\AppData\Local\Programs\PyCharm Community\jbr\bin\jli.dll
0x00007ffd1cab0000 - 0x00007ffd1cc4f000 	C:\Windows\System32\USER32.dll
0x00007ffd1b670000 - 0x00007ffd1b692000 	C:\Windows\System32\win32u.dll
0x00007ffd1cdd0000 - 0x00007ffd1cdfb000 	C:\Windows\System32\GDI32.dll
0x00007ffd1b840000 - 0x00007ffd1b957000 	C:\Windows\System32\gdi32full.dll
0x00007ffd1b7a0000 - 0x00007ffd1b83d000 	C:\Windows\System32\msvcp_win.dll
0x00007ffd08cb0000 - 0x00007ffd08ccb000 	C:\Users\emilia31\AppData\Local\Programs\PyCharm Community\jbr\bin\VCRUNTIME140.dll
0x00007ffd06e60000 - 0x00007ffd070fa000 	C:\Windows\WinSxS\amd64_microsoft.windows.common-controls_6595b64144ccf1df_6.0.19041.4355_none_60b8b9eb71f62e16\COMCTL32.dll
0x00007ffd1c780000 - 0x00007ffd1c81e000 	C:\Windows\System32\msvcrt.dll
0x00007ffd1c8f0000 - 0x00007ffd1c91f000 	C:\Windows\System32\IMM32.DLL
0x00007ffd08c60000 - 0x00007ffd08c6c000 	C:\Users\emilia31\AppData\Local\Programs\PyCharm Community\jbr\bin\vcruntime140_1.dll
0x00007ffcf2dc0000 - 0x00007ffcf2e4d000 	C:\Users\emilia31\AppData\Local\Programs\PyCharm Community\jbr\bin\msvcp140.dll
0x00007ffc9cc40000 - 0x00007ffc9d8c3000 	C:\Users\emilia31\AppData\Local\Programs\PyCharm Community\jbr\bin\server\jvm.dll
0x00007ffd1d0a0000 - 0x00007ffd1d150000 	C:\Windows\System32\ADVAPI32.dll
0x00007ffd1d560000 - 0x00007ffd1d600000 	C:\Windows\System32\sechost.dll
0x00007ffd1bbc0000 - 0x00007ffd1bce3000 	C:\Windows\System32\RPCRT4.dll
0x00007ffd1b240000 - 0x00007ffd1b267000 	C:\Windows\System32\bcrypt.dll
0x00007ffd1b090000 - 0x00007ffd1b0db000 	C:\Windows\SYSTEM32\POWRPROF.dll
0x00007ffd15cc0000 - 0x00007ffd15cc9000 	C:\Windows\SYSTEM32\WSOCK32.dll
0x00007ffd1c820000 - 0x00007ffd1c88b000 	C:\Windows\System32\WS2_32.dll
0x00007ffd056d0000 - 0x00007ffd056f7000 	C:\Windows\SYSTEM32\WINMM.dll
0x00007ffd15a10000 - 0x00007ffd15a1a000 	C:\Windows\SYSTEM32\VERSION.dll
0x00007ffd1b070000 - 0x00007ffd1b082000 	C:\Windows\SYSTEM32\UMPDC.dll
0x00007ffd18fe0000 - 0x00007ffd18ff2000 	C:\Windows\SYSTEM32\kernel.appcore.dll
0x00007ffcfcad0000 - 0x00007ffcfcada000 	C:\Users\emilia31\AppData\Local\Programs\PyCharm Community\jbr\bin\jimage.dll
0x00007ffd08d50000 - 0x00007ffd08f34000 	C:\Windows\SYSTEM32\DBGHELP.DLL
0x00007ffcfdea0000 - 0x00007ffcfded4000 	C:\Windows\SYSTEM32\dbgcore.DLL
0x00007ffd1b6a0000 - 0x00007ffd1b722000 	C:\Windows\System32\bcryptPrimitives.dll
0x00007ffcfafb0000 - 0x00007ffcfafd5000 	C:\Users\emilia31\AppData\Local\Programs\PyCharm Community\jbr\bin\java.dll
0x00007ffcfca90000 - 0x00007ffcfcaa8000 	C:\Users\emilia31\AppData\Local\Programs\PyCharm Community\jbr\bin\zip.dll
0x00007ffd1bdc0000 - 0x00007ffd1c52c000 	C:\Windows\System32\SHELL32.dll
0x00007ffd192c0000 - 0x00007ffd19a5e000 	C:\Windows\SYSTEM32\windows.storage.dll
0x00007ffd1d200000 - 0x00007ffd1d553000 	C:\Windows\System32\combase.dll
0x00007ffd1ab90000 - 0x00007ffd1abbe000 	C:\Windows\SYSTEM32\Wldp.dll
0x00007ffd1c920000 - 0x00007ffd1c9ed000 	C:\Windows\System32\OLEAUT32.dll
0x00007ffd1d150000 - 0x00007ffd1d1fd000 	C:\Windows\System32\SHCORE.dll
0x00007ffd1bd60000 - 0x00007ffd1bdb5000 	C:\Windows\System32\shlwapi.dll
0x00007ffd1b170000 - 0x00007ffd1b194000 	C:\Windows\SYSTEM32\profapi.dll
0x00007ffcfa120000 - 0x00007ffcfa139000 	C:\Users\emilia31\AppData\Local\Programs\PyCharm Community\jbr\bin\net.dll
0x00007ffd155d0000 - 0x00007ffd156da000 	C:\Windows\SYSTEM32\WINHTTP.dll
0x00007ffd1a8f0000 - 0x00007ffd1a95a000 	C:\Windows\system32\mswsock.dll
0x00007ffcf3d40000 - 0x00007ffcf3d56000 	C:\Users\emilia31\AppData\Local\Programs\PyCharm Community\jbr\bin\nio.dll

dbghelp: loaded successfully - version: 4.0.5 - missing functions: none
symbol engine: initialized successfully - sym options: 0x614 - pdb path: .;C:\Users\emilia31\AppData\Local\Programs\PyCharm Community\jbr\bin;C:\Windows\SYSTEM32;C:\Windows\WinSxS\amd64_microsoft.windows.common-controls_6595b64144ccf1df_6.0.19041.4355_none_60b8b9eb71f62e16;C:\Users\emilia31\AppData\Local\Programs\PyCharm Community\jbr\bin\server

VM Arguments:
java_command: git4idea.http.GitAskPassApp Password for 'https://aylime31@github.com': 
java_class_path (initial): C:/Users/emilia31/AppData/Local/Programs/PyCharm Community/plugins/vcs-git/lib/git4idea-rt.jar;C:/Users/emilia31/AppData/Local/Programs/PyCharm Community/lib/externalProcess-rt.jar
Launcher Type: SUN_STANDARD

[Global flags]
     intx CICompilerCount                          = 4                                         {product} {ergonomic}
     uint ConcGCThreads                            = 2                                         {product} {ergonomic}
     uint G1ConcRefinementThreads                  = 8                                         {product} {ergonomic}
   size_t G1HeapRegionSize                         = 2097152                                   {product} {ergonomic}
    uintx GCDrainStackTargetSize                   = 64                                        {product} {ergonomic}
   size_t InitialHeapSize                          = 201326592                                 {product} {ergonomic}
   size_t MarkStackSize                            = 4194304                                   {product} {ergonomic}
   size_t MaxHeapSize                              = 3198156800                                {product} {ergonomic}
   size_t MaxNewSize                               = 1918894080                                {product} {ergonomic}
   size_t MinHeapDeltaBytes                        = 2097152                                   {product} {ergonomic}
   size_t MinHeapSize                              = 8388608                                   {product} {ergonomic}
    uintx NonNMethodCodeHeapSize                   = 5839372                                {pd product} {ergonomic}
    uintx NonProfiledCodeHeapSize                  = 122909434                              {pd product} {ergonomic}
    uintx ProfiledCodeHeapSize                     = 122909434                              {pd product} {ergonomic}
    uintx ReservedCodeCacheSize                    = 251658240                              {pd product} {ergonomic}
     bool SegmentedCodeCache                       = true                                      {product} {ergonomic}
   size_t SoftMaxHeapSize                          = 3198156800                             {manageable} {ergonomic}
     bool UseCompressedClassPointers               = true                           {product lp64_product} {ergonomic}
     bool UseCompressedOops                        = true                           {product lp64_product} {ergonomic}
     bool UseG1GC                                  = true                                      {product} {ergonomic}
     bool UseLargePagesIndividualAllocation        = false                                  {pd product} {ergonomic}

Logging:
Log output configuration:
 #0: stdout all=warning uptime,level,tags
 #1: stderr all=off uptime,level,tags

Environment Variables:
PATH=C:\Program Files\Git\mingw64\libexec\git-core;C:\Program Files\Git\mingw64\libexec\git-core;C:\Program Files\Git\mingw64\bin;C:\Program Files\Git\usr\bin;C:\Users\emilia31\AppData\Roaming\SPB_Data\bin;C:\Users\emilia31\PycharmProjects\Open3d_project\.venv\Scripts;C:\Windows\system32;C:\Windows;C:\Windows\System32\Wbem;C:\Windows\System32\WindowsPowerShell\v1.0;C:\Windows\System32\OpenSSH;C:\Program Files\dotnet;C:\Program Files\MATLAB\R2022b\bin;C:\Program Files\Git\cmd;C:\Windows\SysWOW64\SDL2-devel-2.28.5-VC\SDL2-2.28.5\lib\x64;C:\Ninja\ninja.exe;C:\Program Files\Microsoft Visual Studio\2022\Community\VC\Tools\MSVC\14.35.32215\bin\Hostx64\x64;C:\Users\emilia31\AppData\Local\Microsoft\WindowsApps;C:\Users\emilia31\AppData\Local\Programs\Microsoft VS Code\bin;C:\src\flutter\flutter\bin;C:\Program Files\JetBrains\IntelliJ IDEA Community Edition 2023.3.4\bin;C:\Program Files\JetBrains\PyCharm 2023.3.3\bin;C:\Users\emilia31\AppData\Local\JetBrains\Toolbox\scripts
USERNAME=emilia31
DISPLAY=:0.0
LC_ALL=en_US.UTF-8
TERM=xterm-256color
TMPDIR=C:\Users\emilia31\AppData\Local\Temp
OS=Windows_NT
PROCESSOR_IDENTIFIER=Intel64 Family 6 Model 142 Stepping 10, GenuineIntel
TMP=C:\Users\emilia31\AppData\Local\Temp
TEMP=C:\Users\emilia31\AppData\Local\Temp



Periodic native trim disabled

JNI global refs:
JNI global refs: 8, weak refs: 0

JNI global refs memory usage: 843, weak refs: 209

Process memory usage:
Resident Set Size: 35356K (0% of 12489956K total physical memory with 1696948K free physical memory)

OOME stack traces (most recent first):
Classloader memory used:
Loader bootstrap                                                                       : 693K
Loader jdk.internal.loader.ClassLoaders$AppClassLoader                                 : 1808B


---------------  S Y S T E M  ---------------

OS:
 Windows 10 , 64 bit Build 19041 (10.0.19041.4597)
OS uptime: 0 days 2:48 hours

CPU: total 8 (initial active 8) (4 cores per cpu, 2 threads per core) family 6 model 142 stepping 10 microcode 0xea, cx8, cmov, fxsr, ht, mmx, 3dnowpref, sse, sse2, sse3, ssse3, sse4.1, sse4.2, popcnt, lzcnt, tsc, tscinvbit, avx, avx2, aes, erms, clmul, bmi1, bmi2, adx, fma, vzeroupper, clflush, clflushopt
Processor Information for all 8 processors :
  Max Mhz: 1800, Current Mhz: 1600, Mhz Limit: 1584

Memory: 4k page, system-wide physical 12197M (1657M free)
TotalPageFile size 12197M (AvailPageFile size 6M)
current process WorkingSet (physical memory assigned to process): 34M, peak: 34M
current process commit charge ("private bytes"): 272M, peak: 273M

vm_info: OpenJDK 64-Bit Server VM (17.0.11+1-b1207.24) for windows-amd64 JRE (17.0.11+1-b1207.24), built on 2024-05-15 by "builduser" with MS VC++ 16.10 / 16.11 (VS2019)

END.
